95.001997
94.167995
93.064468
92.022064
91.002412
89.956505
88.819474
87.964412
87.111193
85.920538
85.085215
83.917215
83.119096
82.045910
81.015780
80.005025
79.001513
77.995843
76.961010
75.871132
75.098090
74.039133
73.013715
72.004422
71.001343
70.000388
69.000106
68.000026
67.000003
65.995405
64.954394
63.818873
62.964184
62.104615
60.874703
59.995518
59.155681
58.021639
56.891264
56.106665
55.037148
53.968870
52.814231
51.921253
51.015039
50.128516
48.873241
47.947406
47.026094
46.139601
44.936073
44.122749
43.009331
41.880737
41.066597
39.904732
39.078224
37.915067
37.113637
36.006520
34.886415
34.100055
33.002000
31.885035
31.104090
30.036387
28.968652
27.823352
26.972484
26.150236
25.053086
23.974147
22.825015
21.966646
21.105595
19.874980
18.995623
18.160311
17.060796
16.016087
14.967429
13.866538
13.060476
11.909381
11.115860
10.040364
8.976394
7.875948
7.100066
6.039714
5.013880
4.004466
3.001354
2.000390
1.000105
-0.004568
-1.039107
-2.128899
-2.902076
-3.961984
-4.995000
