95.000997
94.140353
93.043717
92.012511
91.003401
89.980301
88.851458
87.968633
87.104403
85.918621
85.081426
83.911736
83.099337
82.031307
81.009017
80.002460
79.000644
78.000160
76.979446
75.880358
75.086960
74.027893
73.008110
72.002226
71.000586
70.000147
69.000034
68.000005
66.999998
65.999994
64.979403
63.851229
62.968553
62.104376
60.889497
59.983360
59.130577
58.019963
56.891762
56.091238
55.029027
53.987815
52.853507
51.940260
51.006005
50.119411
48.893638
47.955756
47.011787
46.121543
44.923309
44.103743
43.011898
41.889531
41.069821
39.908553
39.077574
37.910712
37.098968
36.010624
34.889205
34.090295
33.008191
31.888558
31.090061
30.028721
28.987736
27.853487
26.969372
26.125262
25.039128
23.990627
22.854249
21.969643
21.104767
19.889597
18.983396
18.130590
17.040555
16.011589
14.982558
13.881169
13.066662
11.907721
11.097864
10.030924
8.988331
7.882759
7.087840
6.028124
5.008169
4.002239
3.000587
2.000146
1.000032
0.000002
-1.020596
-2.119652
-2.913041
-3.972804
-5.000000
