0 250000
10000 250000
20000 260000
30000 250000
40000 240000
50000 230000
60000 240000
70000 240000
80000 240000
90000 250000
100000 250000
110000 240000
120000 240000
130000 250000
140000 260000
150000 270000
160000 260000
170000 270000
180000 280000
190000 290000
200000 290000
210000 300000
220000 310000
230000 320000
240000 310000
250000 320000
260000 330000
270000 340000
280000 350000
290000 340000
300000 330000
310000 340000
320000 340000
330000 340000
340000 350000
350000 350000
360000 350000
370000 340000
380000 330000
390000 330000
400000 320000
410000 330000
420000 320000
430000 320000
440000 320000
450000 320000
460000 330000
470000 330000
480000 330000
490000 330000
500000 320000
510000 320000
520000 310000
530000 320000
540000 320000
550000 310000
560000 310000
570000 300000
580000 300000
590000 310000
600000 320000
610000 320000
620000 330000
630000 340000
640000 340000
650000 350000
660000 340000
670000 330000
680000 330000
690000 330000
700000 320000
710000 310000
720000 300000
730000 300000
740000 300000
750000 290000
760000 290000
770000 290000
780000 280000
790000 270000
800000 260000
810000 250000
820000 250000
830000 260000
840000 260000
850000 270000
860000 260000
870000 250000
880000 250000
890000 260000
900000 270000
910000 280000
920000 270000
930000 260000
940000 270000
950000 260000
960000 270000
970000 280000
980000 280000
990000 270000
1000000 280000
